<?xml version="1.0" encoding="UTF-8"?>
<testng-results ignored="0" total="1" passed="1" failed="0" skipped="0">
  <reporter-output>
  </reporter-output>
  <suite started-at="2024-03-21T11:41:02 IST" name="Default suite" finished-at="2024-03-21T11:41:02 IST" duration-ms="441">
    <groups>
    </groups>
    <test started-at="2024-03-21T11:41:02 IST" name="Default test" finished-at="2024-03-21T11:41:02 IST" duration-ms="441">
      <class name="seleniumAdvance.Framework.Excel">
        <test-method signature="run()[pri:0, instance:seleniumAdvance.Framework.Excel@54a7079e]" started-at="2024-03-21T11:41:02 IST" name="run" finished-at="2024-03-21T11:41:02 IST" duration-ms="354" status="PASS">
          <reporter-output>
          </reporter-output>
        </test-method> <!-- run -->
      </class> <!-- seleniumAdvance.Framework.Excel -->
    </test> <!-- Default test -->
  </suite> <!-- Default suite -->
</testng-results>
