<?xml version="1.0" encoding="UTF-8"?>
<testng-results ignored="0" total="1" passed="1" failed="0" skipped="0">
  <reporter-output>
  </reporter-output>
  <suite started-at="2024-03-27T14:05:16 IST" name="Default suite" finished-at="2024-03-27T14:05:16 IST" duration-ms="62">
    <groups>
    </groups>
    <test started-at="2024-03-27T14:05:16 IST" name="Default test" finished-at="2024-03-27T14:05:16 IST" duration-ms="62">
      <class name="Udemy.Selenium.skiptest2">
        <test-method signature="reverse()[pri:0, instance:Udemy.Selenium.skiptest2@6bd61f98]" started-at="2024-03-27T14:05:16 IST" name="reverse" finished-at="2024-03-27T14:05:16 IST" duration-ms="8" status="PASS">
          <reporter-output>
          </reporter-output>
        </test-method> <!-- reverse -->
      </class> <!-- Udemy.Selenium.skiptest2 -->
    </test> <!-- Default test -->
  </suite> <!-- Default suite -->
</testng-results>
